2022-03-20 12:35:30 INFO  .:69 - The execution of method loadFiles started here ...
2022-03-20 12:35:30 INFO  .:84 - The execution of method loadFiles ended here ...
2022-03-20 12:35:31 INFO  .:86 - The execution of method navigate started here ...
2022-03-20 12:35:31 ERROR .:101 - there is an exception arised during the execution of the method navigate,The Exception :java.lang.NullPointerException: Cannot invoke "org.openqa.selenium.WebDriver.get(String)" because "oBrowser" is null
2022-03-20 12:35:31 INFO  .:166 - In Test Scenario Login the method navigate execution status is :Fail
2022-03-20 12:35:31 INFO  .:32 - The execution of method login started here ...
2022-03-20 12:35:31 ERROR .:53 - there is an exception arised during the execution of the method login,The Exception :java.lang.NullPointerException: Cannot invoke "org.openqa.selenium.WebDriver.findElement(org.openqa.selenium.By)" because "oBrowser" is null
2022-03-20 12:35:31 INFO  .:166 - In Test Scenario Login the method login execution status is :Fail
2022-03-20 12:35:32 INFO  .:166 - In Test Scenario Login the method minimizeFlyOutWindow execution status is :Fail
2022-03-20 12:35:32 INFO  .:76 - The execution of method logout started here ...
2022-03-20 12:35:32 ERROR .:91 - there is an exception arised during the execution of the method logout,The Exception :java.lang.NullPointerException: Cannot invoke "org.openqa.selenium.WebDriver.findElement(org.openqa.selenium.By)" because "oBrowser" is null
2022-03-20 12:35:32 INFO  .:166 - In Test Scenario Login the method logout execution status is :Fail
2022-03-20 12:35:32 INFO  .:121 - The execution of method closeApplication started here ...
2022-03-20 12:35:32 ERROR .:127 - there is an exception arised during the execution of the method closeApplication,The Exception :java.lang.NullPointerException: Cannot invoke "org.openqa.selenium.WebDriver.quit()" because "oBrowser" is null
2022-03-20 12:35:32 INFO  .:166 - In Test Scenario Login the method closeApplication execution status is :Fail
2022-03-20 12:35:32 INFO  .:180 - +++++++++++++++++++++++++++++++
2022-03-20 12:35:32 INFO  .:86 - The execution of method navigate started here ...
2022-03-20 12:35:32 ERROR .:101 - there is an exception arised during the execution of the method navigate,The Exception :java.lang.NullPointerException: Cannot invoke "org.openqa.selenium.WebDriver.get(String)" because "oBrowser" is null
2022-03-20 12:35:32 INFO  .:166 - In Test Scenario CreateUser the method navigate execution status is :Fail
2022-03-20 12:35:33 INFO  .:32 - The execution of method login started here ...
2022-03-20 12:35:33 ERROR .:53 - there is an exception arised during the execution of the method login,The Exception :java.lang.NullPointerException: Cannot invoke "org.openqa.selenium.WebDriver.findElement(org.openqa.selenium.By)" because "oBrowser" is null
2022-03-20 12:35:33 INFO  .:166 - In Test Scenario CreateUser the method login execution status is :Fail
2022-03-20 12:35:33 INFO  .:166 - In Test Scenario CreateUser the method minimizeFlyOutWindow execution status is :Fail
2022-03-20 12:35:33 INFO  .:32 - The execution of method createUser started here ...
2022-03-20 12:35:33 ERROR .:63 - there is an exception arised during the execution of the method createUser,The Exception :java.lang.NullPointerException: Cannot invoke "org.openqa.selenium.WebDriver.findElement(org.openqa.selenium.By)" because "oBrowser" is null
2022-03-20 12:35:33 INFO  .:166 - In Test Scenario CreateUser the method createUser execution status is :Fail
2022-03-20 12:35:33 INFO  .:131 - The execution of method deleteUser started here ...
2022-03-20 12:35:33 ERROR .:150 - there is an exception arised during the execution of the method deleteUser,The Exception :java.lang.NullPointerException: Cannot invoke "org.openqa.selenium.WebDriver.findElement(org.openqa.selenium.By)" because "oBrowser" is null
2022-03-20 12:35:33 INFO  .:166 - In Test Scenario CreateUser the method deleteUser execution status is :Fail
2022-03-20 12:35:34 INFO  .:76 - The execution of method logout started here ...
2022-03-20 12:35:34 ERROR .:91 - there is an exception arised during the execution of the method logout,The Exception :java.lang.NullPointerException: Cannot invoke "org.openqa.selenium.WebDriver.findElement(org.openqa.selenium.By)" because "oBrowser" is null
2022-03-20 12:35:34 INFO  .:166 - In Test Scenario CreateUser the method logout execution status is :Fail
2022-03-20 12:35:34 INFO  .:121 - The execution of method closeApplication started here ...
2022-03-20 12:35:34 ERROR .:127 - there is an exception arised during the execution of the method closeApplication,The Exception :java.lang.NullPointerException: Cannot invoke "org.openqa.selenium.WebDriver.quit()" because "oBrowser" is null
2022-03-20 12:35:34 INFO  .:166 - In Test Scenario CreateUser the method closeApplication execution status is :Fail
2022-03-20 12:35:34 INFO  .:180 - +++++++++++++++++++++++++++++++
2022-03-20 12:35:34 INFO  .:86 - The execution of method navigate started here ...
2022-03-20 12:35:34 ERROR .:101 - there is an exception arised during the execution of the method navigate,The Exception :java.lang.NullPointerException: Cannot invoke "org.openqa.selenium.WebDriver.get(String)" because "oBrowser" is null
2022-03-20 12:35:34 INFO  .:166 - In Test Scenario ModifyUser the method navigate execution status is :Fail
2022-03-20 12:35:34 INFO  .:32 - The execution of method login started here ...
2022-03-20 12:35:34 ERROR .:53 - there is an exception arised during the execution of the method login,The Exception :java.lang.NullPointerException: Cannot invoke "org.openqa.selenium.WebDriver.findElement(org.openqa.selenium.By)" because "oBrowser" is null
2022-03-20 12:35:34 INFO  .:166 - In Test Scenario ModifyUser the method login execution status is :Fail
2022-03-20 12:35:35 INFO  .:166 - In Test Scenario ModifyUser the method minimizeFlyOutWindow execution status is :Fail
2022-03-20 12:35:35 INFO  .:32 - The execution of method createUser started here ...
2022-03-20 12:35:35 ERROR .:63 - there is an exception arised during the execution of the method createUser,The Exception :java.lang.NullPointerException: Cannot invoke "org.openqa.selenium.WebDriver.findElement(org.openqa.selenium.By)" because "oBrowser" is null
2022-03-20 12:35:35 INFO  .:166 - In Test Scenario ModifyUser the method createUser execution status is :Fail
2022-03-20 12:35:35 INFO  .:86 - The execution of method modifyUser started here ...
2022-03-20 12:35:35 ERROR .:109 - there is an exception arised during the execution of the method modifyUser,The Exception :java.lang.NullPointerException: Cannot invoke "org.openqa.selenium.WebDriver.findElement(org.openqa.selenium.By)" because "oBrowser" is null
2022-03-20 12:35:35 INFO  .:166 - In Test Scenario ModifyUser the method modifyUser execution status is :Fail
2022-03-20 12:35:35 INFO  .:131 - The execution of method deleteUser started here ...
2022-03-20 12:35:35 ERROR .:150 - there is an exception arised during the execution of the method deleteUser,The Exception :java.lang.NullPointerException: Cannot invoke "org.openqa.selenium.WebDriver.findElement(org.openqa.selenium.By)" because "oBrowser" is null
2022-03-20 12:35:35 INFO  .:166 - In Test Scenario ModifyUser the method deleteUser execution status is :Fail
2022-03-20 12:35:35 INFO  .:76 - The execution of method logout started here ...
2022-03-20 12:35:35 ERROR .:91 - there is an exception arised during the execution of the method logout,The Exception :java.lang.NullPointerException: Cannot invoke "org.openqa.selenium.WebDriver.findElement(org.openqa.selenium.By)" because "oBrowser" is null
2022-03-20 12:35:35 INFO  .:166 - In Test Scenario ModifyUser the method logout execution status is :Fail
2022-03-20 12:35:35 INFO  .:121 - The execution of method closeApplication started here ...
2022-03-20 12:35:35 ERROR .:127 - there is an exception arised during the execution of the method closeApplication,The Exception :java.lang.NullPointerException: Cannot invoke "org.openqa.selenium.WebDriver.quit()" because "oBrowser" is null
2022-03-20 12:35:35 INFO  .:166 - In Test Scenario ModifyUser the method closeApplication execution status is :Fail
2022-03-20 12:35:35 INFO  .:180 - +++++++++++++++++++++++++++++++
2022-03-20 12:35:36 INFO  .:180 - +++++++++++++++++++++++++++++++
2022-03-20 12:35:36 INFO  .:180 - +++++++++++++++++++++++++++++++
2022-03-20 12:35:36 INFO  .:180 - +++++++++++++++++++++++++++++++
2022-03-20 12:35:36 INFO  .:180 - +++++++++++++++++++++++++++++++
2022-03-20 12:35:36 INFO  .:183 - The execution of method executeTestScenarios ended here ...
2022-03-20 12:35:36 INFO  .:205 - The execution of method endAutomationSuite ended here ...
2022-03-20 12:35:36 INFO  .:208 - The execution of method endAutomationSuite ended here ...
2022-03-20 12:36:52 INFO  .:69 - The execution of method loadFiles started here ...
2022-03-20 12:36:52 INFO  .:84 - The execution of method loadFiles ended here ...
2022-03-20 12:36:57 INFO  .:86 - The execution of method navigate started here ...
2022-03-20 12:37:05 INFO  .:98 - The execution of method navigate ended here ...
2022-03-20 12:37:05 INFO  .:166 - In Test Scenario Login the method navigate execution status is :Pass
2022-03-20 12:37:05 INFO  .:32 - The execution of method login started here ...
2022-03-20 12:37:10 INFO  .:50 - The execution of method login ended here ...
2022-03-20 12:37:10 INFO  .:166 - In Test Scenario Login the method login execution status is :Pass
2022-03-20 12:37:13 INFO  .:166 - In Test Scenario Login the method minimizeFlyOutWindow execution status is :Pass
2022-03-20 12:37:13 INFO  .:76 - The execution of method logout started here ...
2022-03-20 12:37:17 INFO  .:88 - The execution of method logout ended here ...
2022-03-20 12:37:17 INFO  .:166 - In Test Scenario Login the method logout execution status is :Pass
2022-03-20 12:37:18 INFO  .:121 - The execution of method closeApplication started here ...
2022-03-20 12:37:18 INFO  .:124 - The execution of method closeApplication ended here ...
2022-03-20 12:37:18 INFO  .:166 - In Test Scenario Login the method closeApplication execution status is :Pass
2022-03-20 12:37:18 INFO  .:180 - +++++++++++++++++++++++++++++++
2022-03-20 12:37:20 INFO  .:86 - The execution of method navigate started here ...
2022-03-20 12:37:29 INFO  .:98 - The execution of method navigate ended here ...
2022-03-20 12:37:29 INFO  .:166 - In Test Scenario CreateUser the method navigate execution status is :Pass
2022-03-20 12:37:29 INFO  .:32 - The execution of method login started here ...
2022-03-20 12:37:34 INFO  .:50 - The execution of method login ended here ...
2022-03-20 12:37:34 INFO  .:166 - In Test Scenario CreateUser the method login execution status is :Pass
2022-03-20 12:37:35 INFO  .:166 - In Test Scenario CreateUser the method minimizeFlyOutWindow execution status is :Fail
2022-03-20 12:37:36 INFO  .:32 - The execution of method createUser started here ...
2022-03-20 12:37:41 ERROR .:63 - there is an exception arised during the execution of the method createUser,The Exception :org.openqa.selenium.ElementClickInterceptedException: element click intercepted: Element <div class="buttonText">...</div> is not clickable at point (1153, 207). Other element would receive the click: <div class="gettingStartedShortcutsMenuHeader">...</div>
  (Session info: chrome=99.0.4844.74)
Build info: version: '4.1.2', revision: '9a5a329c5a'
System info: host: 'DESKTOP-KUCBRGK', ip: '192.168.1.33', os.name: 'Windows 10', os.arch: 'amd64', os.version: '10.0', java.version: '17.0.1'
Driver info: org.openqa.selenium.chrome.ChromeDriver
Command: [367023821983c4a25f158cfc2c529c60, clickElement {id=d2722a2c-e1bc-4d2e-9f50-29f329924c26}]
Capabilities {acceptInsecureCerts: false, browserName: chrome, browserVersion: 99.0.4844.74, chrome: {chromedriverVersion: 98.0.4758.102 (273bf7ac8c90..., userDataDir: C:\Users\ABHISHEK\AppData\L...}, goog:chromeOptions: {debuggerAddress: localhost:50975}, javascriptEnabled: true, networkConnectionEnabled: false, pageLoadStrategy: normal, platform: WINDOWS, platformName: WINDOWS, proxy: Proxy(), se:cdp: ws://localhost:50975/devtoo..., se:cdpVersion: 99.0.4844.74, setWindowRect: true, strictFileInteractability: false, timeouts: {implicit: 0, pageLoad: 300000, script: 30000}, unhandledPromptBehavior: dismiss and notify, webauthn:extension:credBlob: true, webauthn:extension:largeBlob: true, webauthn:virtualAuthenticators: true}
Element: [[ChromeDriver: chrome on WINDOWS (367023821983c4a25f158cfc2c529c60)] -> class: buttonText]
Session ID: 367023821983c4a25f158cfc2c529c60
2022-03-20 12:37:41 INFO  .:166 - In Test Scenario CreateUser the method createUser execution status is :Fail
2022-03-20 12:37:41 INFO  .:131 - The execution of method deleteUser started here ...
2022-03-20 12:37:41 ERROR .:150 - there is an exception arised during the execution of the method deleteUser,The Exception :org.openqa.selenium.NoSuchElementException: no such element: Unable to locate element: {"method":"xpath","selector":"//span[text()='User1, Test']"}
  (Session info: chrome=99.0.4844.74)
For documentation on this error, please visit: https://selenium.dev/exceptions/#no_such_element
Build info: version: '4.1.2', revision: '9a5a329c5a'
System info: host: 'DESKTOP-KUCBRGK', ip: '192.168.1.33', os.name: 'Windows 10', os.arch: 'amd64', os.version: '10.0', java.version: '17.0.1'
Driver info: org.openqa.selenium.chrome.ChromeDriver
Command: [367023821983c4a25f158cfc2c529c60, findElement {using=xpath, value=//span[text()='User1, Test']}]
Capabilities {acceptInsecureCerts: false, browserName: chrome, browserVersion: 99.0.4844.74, chrome: {chromedriverVersion: 98.0.4758.102 (273bf7ac8c90..., userDataDir: C:\Users\ABHISHEK\AppData\L...}, goog:chromeOptions: {debuggerAddress: localhost:50975}, javascriptEnabled: true, networkConnectionEnabled: false, pageLoadStrategy: normal, platform: WINDOWS, platformName: WINDOWS, proxy: Proxy(), se:cdp: ws://localhost:50975/devtoo..., se:cdpVersion: 99.0.4844.74, setWindowRect: true, strictFileInteractability: false, timeouts: {implicit: 0, pageLoad: 300000, script: 30000}, unhandledPromptBehavior: dismiss and notify, webauthn:extension:credBlob: true, webauthn:extension:largeBlob: true, webauthn:virtualAuthenticators: true}
Session ID: 367023821983c4a25f158cfc2c529c60
2022-03-20 12:37:41 INFO  .:166 - In Test Scenario CreateUser the method deleteUser execution status is :Fail
2022-03-20 12:37:42 INFO  .:76 - The execution of method logout started here ...
2022-03-20 12:37:46 INFO  .:88 - The execution of method logout ended here ...
2022-03-20 12:37:46 INFO  .:166 - In Test Scenario CreateUser the method logout execution status is :Pass
2022-03-20 12:37:46 INFO  .:121 - The execution of method closeApplication started here ...
2022-03-20 12:37:47 INFO  .:124 - The execution of method closeApplication ended here ...
2022-03-20 12:37:47 INFO  .:166 - In Test Scenario CreateUser the method closeApplication execution status is :Pass
2022-03-20 12:37:47 INFO  .:180 - +++++++++++++++++++++++++++++++
2022-03-20 12:37:48 INFO  .:86 - The execution of method navigate started here ...
2022-03-20 12:37:57 INFO  .:98 - The execution of method navigate ended here ...
2022-03-20 12:37:57 INFO  .:166 - In Test Scenario ModifyUser the method navigate execution status is :Pass
2022-03-20 12:37:58 INFO  .:32 - The execution of method login started here ...
2022-03-20 12:38:03 INFO  .:50 - The execution of method login ended here ...
2022-03-20 12:38:03 INFO  .:166 - In Test Scenario ModifyUser the method login execution status is :Pass
2022-03-20 12:38:05 INFO  .:166 - In Test Scenario ModifyUser the method minimizeFlyOutWindow execution status is :Pass
2022-03-20 12:38:05 INFO  .:32 - The execution of method createUser started here ...
2022-03-20 12:38:17 INFO  .:60 - The execution of method createUser ended here ...
2022-03-20 12:38:17 INFO  .:166 - In Test Scenario ModifyUser the method createUser execution status is :Pass
2022-03-20 12:38:17 INFO  .:86 - The execution of method modifyUser started here ...
2022-03-20 12:38:26 INFO  .:106 - The execution of method modifyUser ended here ...
2022-03-20 12:38:26 INFO  .:166 - In Test Scenario ModifyUser the method modifyUser execution status is :Fail
2022-03-20 12:38:27 INFO  .:131 - The execution of method deleteUser started here ...
2022-03-20 12:38:36 INFO  .:147 - The execution of method deleteUser ended here ...
2022-03-20 12:38:36 INFO  .:166 - In Test Scenario ModifyUser the method deleteUser execution status is :Pass
2022-03-20 12:38:36 INFO  .:76 - The execution of method logout started here ...
2022-03-20 12:38:40 INFO  .:88 - The execution of method logout ended here ...
2022-03-20 12:38:40 INFO  .:166 - In Test Scenario ModifyUser the method logout execution status is :Pass
2022-03-20 12:38:40 INFO  .:121 - The execution of method closeApplication started here ...
2022-03-20 12:38:41 INFO  .:124 - The execution of method closeApplication ended here ...
2022-03-20 12:38:41 INFO  .:166 - In Test Scenario ModifyUser the method closeApplication execution status is :Pass
2022-03-20 12:38:41 INFO  .:180 - +++++++++++++++++++++++++++++++
2022-03-20 12:38:41 INFO  .:180 - +++++++++++++++++++++++++++++++
2022-03-20 12:38:41 INFO  .:180 - +++++++++++++++++++++++++++++++
2022-03-20 12:38:41 INFO  .:180 - +++++++++++++++++++++++++++++++
2022-03-20 12:38:41 INFO  .:180 - +++++++++++++++++++++++++++++++
2022-03-20 12:38:41 INFO  .:183 - The execution of method executeTestScenarios ended here ...
2022-03-20 12:38:41 INFO  .:205 - The execution of method endAutomationSuite ended here ...
2022-03-20 12:38:41 INFO  .:208 - The execution of method endAutomationSuite ended here ...
